#! /c/Source/iverilog-install/bin/vvp
:ivl_version "12.0 (devel)" "(s20150603-1539-g2693dd32b)";
:ivl_delay_selection "TYPICAL";
:vpi_time_precision + 0;
:vpi_module "C:\iverilog\lib\ivl\system.vpi";
:vpi_module "C:\iverilog\lib\ivl\vhdl_sys.vpi";
:vpi_module "C:\iverilog\lib\ivl\vhdl_textio.vpi";
:vpi_module "C:\iverilog\lib\ivl\v2005_math.vpi";
:vpi_module "C:\iverilog\lib\ivl\va_math.vpi";
S_000001587caca560 .scope module, "uart_rx" "uart_rx" 2 5;
 .timescale 0 0;
    .port_info 0 /INPUT 1 "clk";
    .port_info 1 /INPUT 1 "rst_n";
    .port_info 2 /INPUT 1 "rx";
    .port_info 3 /INPUT 1 "rd_en";
    .port_info 4 /OUTPUT 8 "d_out";
    .port_info 5 /OUTPUT 1 "empty";
    .port_info 6 /OUTPUT 1 "full";
P_000001587caa3080 .param/l "SAMPLING_TICKS" 0 2 7, +C4<00000000000000000000000000010000>;
P_000001587caa30b8 .param/l "STOP_BITS" 0 2 8, +C4<00000000000000000000000000000001>;
P_000001587caa30f0 .param/l "WIDTH" 0 2 6, +C4<00000000000000000000000000001000>;
L_000001587caeeb30 .functor AND 1, v000001587cb4ef40_0, L_000001587cb4e9a0, C4<1>, C4<1>;
L_000001587caee900 .functor AND 1, L_000001587caeeb30, L_000001587cb4f440, C4<1>, C4<1>;
v000001587cb4e7c0_0 .net *"_ivl_1", 0 0, L_000001587cb4e9a0;  1 drivers
v000001587cb4ecc0_0 .net *"_ivl_3", 0 0, L_000001587caeeb30;  1 drivers
v000001587cb4efe0_0 .net *"_ivl_5", 0 0, L_000001587cb4f440;  1 drivers
v000001587cb4f080_0 .net "baud_tick", 0 0, v000001587cad2810_0;  1 drivers
o000001587cafdfa8 .functor BUFZ 1, C4<z>; HiZ drive
v000001587cb4e0e0_0 .net "clk", 0 0, o000001587cafdfa8;  0 drivers
v000001587cb4ed60_0 .net "d_out", 7 0, v000001587cad33f0_0;  1 drivers
v000001587cb4dd20_0 .net "empty", 0 0, L_000001587cb4dbe0;  1 drivers
v000001587cb4e900_0 .net "full", 0 0, L_000001587cb4d8c0;  1 drivers
o000001587cafe3c8 .functor BUFZ 1, C4<z>; HiZ drive
v000001587cb4f120_0 .net "rd_en", 0 0, o000001587cafe3c8;  0 drivers
o000001587cafe008 .functor BUFZ 1, C4<z>; HiZ drive
v000001587cb4f1c0_0 .net "rst_n", 0 0, o000001587cafe008;  0 drivers
o000001587cafe668 .functor BUFZ 1, C4<z>; HiZ drive
v000001587cb4e180_0 .net "rx", 0 0, o000001587cafe668;  0 drivers
v000001587cb4f260_0 .net "rx_data_out", 7 0, v000001587cb4eea0_0;  1 drivers
v000001587cb4f300_0 .net "rx_error", 0 0, v000001587cb4ec20_0;  1 drivers
v000001587cb4db40_0 .net "rx_ready", 0 0, v000001587cb4ef40_0;  1 drivers
v000001587cb4f3a0_0 .net "wr_en", 0 0, L_000001587caee900;  1 drivers
L_000001587cb4e9a0 .reduce/nor v000001587cb4ec20_0;
L_000001587cb4f440 .reduce/nor L_000001587cb4d8c0;
S_000001587caf4160 .scope module, "baud_inst" "baud_gen" 2 27, 3 1 0, S_000001587caca560;
 .timescale 0 0;
    .port_info 0 /INPUT 1 "clk";
    .port_info 1 /INPUT 1 "rst_n";
    .port_info 2 /OUTPUT 1 "baud_tick";
P_000001587caca6f0 .param/l "BAUD_RATE" 0 3 3, +C4<00000000000000000010010110000000>;
P_000001587caca728 .param/l "BAUD_TICK" 1 3 11, +C4<0000000000000000000000000000000000000000000000000000001010001011>;
P_000001587caca760 .param/l "CLOCK_FREQ" 0 3 2, +C4<00000101111101011110000100000000>;
P_000001587caca798 .param/l "DATA_WIDTH" 0 3 4, +C4<00000000000000000000000000001000>;
v000001587cad2810_0 .var "baud_tick", 0 0;
v000001587cad2950_0 .net "clk", 0 0, o000001587cafdfa8;  alias, 0 drivers
v000001587cad26d0_0 .var "counter", 9 0;
v000001587cad2bd0_0 .net "rst_n", 0 0, o000001587cafe008;  alias, 0 drivers
E_000001587cacfb90/0 .event negedge, v000001587cad2bd0_0;
E_000001587cacfb90/1 .event posedge, v000001587cad2950_0;
E_000001587cacfb90 .event/or E_000001587cacfb90/0, E_000001587cacfb90/1;
S_000001587cad4680 .scope module, "fifo_inst" "fifo" 2 59, 4 1 0, S_000001587caca560;
 .timescale 0 0;
    .port_info 0 /INPUT 1 "clk";
    .port_info 1 /INPUT 1 "rst_n";
    .port_info 2 /INPUT 1 "wr_en";
    .port_info 3 /INPUT 8 "d_in";
    .port_info 4 /INPUT 1 "rd_en";
    .port_info 5 /OUTPUT 1 "full";
    .port_info 6 /OUTPUT 1 "empty";
    .port_info 7 /OUTPUT 8 "d_out";
P_000001587ca18260 .param/l "DEPTH" 0 4 3, +C4<00000000000000000000000000010000>;
P_000001587ca18298 .param/l "WIDTH" 0 4 2, +C4<00000000000000000000000000001000>;
L_000001587caee270 .functor XOR 1, L_000001587cb4e400, L_000001587cb4f4e0, C4<0>, C4<0>;
L_000001587caee4a0 .functor AND 1, L_000001587caee270, L_000001587cb4f760, C4<1>, C4<1>;
v000001587cad2d10_0 .net *"_ivl_1", 0 0, L_000001587cb4e400;  1 drivers
v000001587cad30d0_0 .net *"_ivl_10", 0 0, L_000001587cb4f760;  1 drivers
v000001587cad3210_0 .net *"_ivl_13", 0 0, L_000001587caee4a0;  1 drivers
L_000001587cb90088 .functor BUFT 1, C4<1>, C4<0>, C4<0>, C4<0>;
v000001587cad2f90_0 .net/2u *"_ivl_14", 0 0, L_000001587cb90088;  1 drivers
L_000001587cb900d0 .functor BUFT 1, C4<0>, C4<0>, C4<0>, C4<0>;
v000001587cad2b30_0 .net/2u *"_ivl_16", 0 0, L_000001587cb900d0;  1 drivers
v000001587cad2a90_0 .net *"_ivl_20", 0 0, L_000001587cb4d960;  1 drivers
L_000001587cb90118 .functor BUFT 1, C4<1>, C4<0>, C4<0>, C4<0>;
v000001587cad28b0_0 .net/2u *"_ivl_22", 0 0, L_000001587cb90118;  1 drivers
L_000001587cb90160 .functor BUFT 1, C4<0>, C4<0>, C4<0>, C4<0>;
v000001587cad2db0_0 .net/2u *"_ivl_24", 0 0, L_000001587cb90160;  1 drivers
v000001587cad3170_0 .net *"_ivl_3", 0 0, L_000001587cb4f4e0;  1 drivers
v000001587cad29f0_0 .net *"_ivl_4", 0 0, L_000001587caee270;  1 drivers
v000001587cad32b0_0 .net *"_ivl_7", 3 0, L_000001587cb4f6c0;  1 drivers
v000001587cad2c70_0 .net *"_ivl_9", 3 0, L_000001587cb4da00;  1 drivers
v000001587cad3350_0 .net "clk", 0 0, o000001587cafdfa8;  alias, 0 drivers
v000001587cad3030_0 .net "d_in", 7 0, v000001587cb4eea0_0;  alias, 1 drivers
v000001587cad33f0_0 .var "d_out", 7 0;
v000001587cad3490_0 .net "empty", 0 0, L_000001587cb4dbe0;  alias, 1 drivers
v000001587cad2590_0 .net "full", 0 0, L_000001587cb4d8c0;  alias, 1 drivers
v000001587cb4eae0 .array "mem", 15 0, 7 0;
v000001587cb4e2c0_0 .net "rd_en", 0 0, o000001587cafe3c8;  alias, 0 drivers
v000001587cb4df00_0 .var "rd_ptr", 4 0;
v000001587cb4e720_0 .net "rst_n", 0 0, o000001587cafe008;  alias, 0 drivers
v000001587cb4e4a0_0 .net "wr_en", 0 0, L_000001587caee900;  alias, 1 drivers
v000001587cb4f620_0 .var "wr_ptr", 4 0;
L_000001587cb4e400 .part v000001587cb4f620_0, 4, 1;
L_000001587cb4f4e0 .part v000001587cb4df00_0, 4, 1;
L_000001587cb4f6c0 .part v000001587cb4f620_0, 0, 4;
L_000001587cb4da00 .part v000001587cb4df00_0, 0, 4;
L_000001587cb4f760 .cmp/eq 4, L_000001587cb4f6c0, L_000001587cb4da00;
L_000001587cb4d8c0 .functor MUXZ 1, L_000001587cb900d0, L_000001587cb90088, L_000001587caee4a0, C4<>;
L_000001587cb4d960 .cmp/eq 5, v000001587cb4f620_0, v000001587cb4df00_0;
L_000001587cb4dbe0 .functor MUXZ 1, L_000001587cb90160, L_000001587cb90118, L_000001587cb4d960, C4<>;
S_000001587caf4400 .scope module, "rx_inst" "rx_core" 2 42, 5 1 0, S_000001587caca560;
 .timescale 0 0;
    .port_info 0 /INPUT 1 "clk";
    .port_info 1 /INPUT 1 "rst_n";
    .port_info 2 /INPUT 1 "rx";
    .port_info 3 /INPUT 1 "baud_tick";
    .port_info 4 /OUTPUT 8 "rx_data_out";
    .port_info 5 /OUTPUT 1 "rx_ready";
    .port_info 6 /OUTPUT 1 "rx_error";
P_000001587caec270 .param/l "DATA" 1 5 19, C4<10>;
P_000001587caec2a8 .param/l "IDLE" 1 5 17, C4<00>;
P_000001587caec2e0 .param/l "SAMPLING_TICKS" 0 5 3, +C4<00000000000000000000000000010000>;
P_000001587caec318 .param/l "START" 1 5 18, C4<01>;
P_000001587caec350 .param/l "STOP" 1 5 20, C4<11>;
P_000001587caec388 .param/l "STOP_BITS" 0 5 4, +C4<00000000000000000000000000000001>;
P_000001587caec3c0 .param/l "WIDTH" 0 5 2, +C4<00000000000000000000000000001000>;
v000001587cb4ea40_0 .var "baud_cnt", 3 0;
v000001587cb4e860_0 .net "baud_tick", 0 0, v000001587cad2810_0;  alias, 1 drivers
v000001587cb4ee00_0 .var "bit_cnt", 2 0;
v000001587cb4daa0_0 .net "clk", 0 0, o000001587cafdfa8;  alias, 0 drivers
v000001587cb4e540_0 .net "rst_n", 0 0, o000001587cafe008;  alias, 0 drivers
v000001587cb4eb80_0 .net "rx", 0 0, o000001587cafe668;  alias, 0 drivers
v000001587cb4eea0_0 .var "rx_data_out", 7 0;
v000001587cb4ec20_0 .var "rx_error", 0 0;
v000001587cb4ef40_0 .var "rx_ready", 0 0;
v000001587cb4e5e0_0 .var "rx_sync1", 0 0;
v000001587cb4e360_0 .var "rx_sync2", 0 0;
v000001587cb4e680_0 .var "shift_reg", 7 0;
v000001587cb4f580_0 .var "state", 1 0;
    .scope S_000001587caf4160;
T_0 ;
    %wait E_000001587cacfb90;
    %load/vec4 v000001587cad2bd0_0;
    %nor/r;
    %flag_set/vec4 8;
    %jmp/0xz  T_0.0, 8;
    %pushi/vec4 0, 0, 10;
    %assign/vec4 v000001587cad26d0_0, 0;
    %pushi/vec4 0, 0, 1;
    %assign/vec4 v000001587cad2810_0, 0;
    %jmp T_0.1;
T_0.0 ;
    %load/vec4 v000001587cad26d0_0;
    %pad/u 64;
    %cmpi/e 650, 0, 64;
    %jmp/0xz  T_0.2, 4;
    %pushi/vec4 1, 0, 1;
    %assign/vec4 v000001587cad2810_0, 0;
    %pushi/vec4 0, 0, 10;
    %assign/vec4 v000001587cad26d0_0, 0;
    %jmp T_0.3;
T_0.2 ;
    %load/vec4 v000001587cad26d0_0;
    %addi 1, 0, 10;
    %assign/vec4 v000001587cad26d0_0, 0;
    %pushi/vec4 0, 0, 1;
    %assign/vec4 v000001587cad2810_0, 0;
T_0.3 ;
T_0.1 ;
    %jmp T_0;
    .thread T_0;
    .scope S_000001587caf4400;
T_1 ;
    %wait E_000001587cacfb90;
    %load/vec4 v000001587cb4e540_0;
    %nor/r;
    %flag_set/vec4 8;
    %jmp/0xz  T_1.0, 8;
    %pushi/vec4 1, 0, 1;
    %assign/vec4 v000001587cb4e5e0_0, 0;
    %pushi/vec4 1, 0, 1;
    %assign/vec4 v000001587cb4e360_0, 0;
    %jmp T_1.1;
T_1.0 ;
    %load/vec4 v000001587cb4eb80_0;
    %assign/vec4 v000001587cb4e5e0_0, 0;
    %load/vec4 v000001587cb4e5e0_0;
    %assign/vec4 v000001587cb4e360_0, 0;
T_1.1 ;
    %jmp T_1;
    .thread T_1;
    .scope S_000001587caf4400;
T_2 ;
    %wait E_000001587cacfb90;
    %load/vec4 v000001587cb4e540_0;
    %nor/r;
    %flag_set/vec4 8;
    %jmp/0xz  T_2.0, 8;
    %pushi/vec4 0, 0, 2;
    %assign/vec4 v000001587cb4f580_0, 0;
    %pushi/vec4 0, 0, 8;
    %assign/vec4 v000001587cb4e680_0, 0;
    %pushi/vec4 0, 0, 4;
    %assign/vec4 v000001587cb4ea40_0, 0;
    %pushi/vec4 0, 0, 3;
    %assign/vec4 v000001587cb4ee00_0, 0;
    %pushi/vec4 0, 0, 8;
    %assign/vec4 v000001587cb4eea0_0, 0;
    %pushi/vec4 0, 0, 1;
    %assign/vec4 v000001587cb4ef40_0, 0;
    %pushi/vec4 0, 0, 1;
    %assign/vec4 v000001587cb4ec20_0, 0;
    %jmp T_2.1;
T_2.0 ;
    %pushi/vec4 0, 0, 1;
    %assign/vec4 v000001587cb4ef40_0, 0;
    %load/vec4 v000001587cb4f580_0;
    %dup/vec4;
    %pushi/vec4 0, 0, 2;
    %cmp/u;
    %jmp/1 T_2.2, 6;
    %dup/vec4;
    %pushi/vec4 1, 0, 2;
    %cmp/u;
    %jmp/1 T_2.3, 6;
    %dup/vec4;
    %pushi/vec4 2, 0, 2;
    %cmp/u;
    %jmp/1 T_2.4, 6;
    %dup/vec4;
    %pushi/vec4 3, 0, 2;
    %cmp/u;
    %jmp/1 T_2.5, 6;
    %jmp T_2.6;
T_2.2 ;
    %pushi/vec4 0, 0, 4;
    %assign/vec4 v000001587cb4ea40_0, 0;
    %pushi/vec4 0, 0, 3;
    %assign/vec4 v000001587cb4ee00_0, 0;
    %pushi/vec4 0, 0, 1;
    %assign/vec4 v000001587cb4ec20_0, 0;
    %pushi/vec4 0, 0, 8;
    %assign/vec4 v000001587cb4e680_0, 0;
    %load/vec4 v000001587cb4e360_0;
    %cmpi/e 0, 0, 1;
    %jmp/0xz  T_2.7, 4;
    %pushi/vec4 1, 0, 2;
    %assign/vec4 v000001587cb4f580_0, 0;
T_2.7 ;
    %jmp T_2.6;
T_2.3 ;
    %load/vec4 v000001587cb4e860_0;
    %flag_set/vec4 8;
    %jmp/0xz  T_2.9, 8;
    %load/vec4 v000001587cb4ea40_0;
    %pad/u 32;
    %cmpi/e 8, 0, 32;
    %jmp/0xz  T_2.11, 4;
    %load/vec4 v000001587cb4e360_0;
    %cmpi/e 0, 0, 1;
    %jmp/0xz  T_2.13, 4;
    %load/vec4 v000001587cb4ea40_0;
    %addi 1, 0, 4;
    %assign/vec4 v000001587cb4ea40_0, 0;
    %jmp T_2.14;
T_2.13 ;
    %pushi/vec4 0, 0, 2;
    %assign/vec4 v000001587cb4f580_0, 0;
    %pushi/vec4 0, 0, 4;
    %assign/vec4 v000001587cb4ea40_0, 0;
    %pushi/vec4 1, 0, 1;
    %assign/vec4 v000001587cb4ec20_0, 0;
T_2.14 ;
    %jmp T_2.12;
T_2.11 ;
    %load/vec4 v000001587cb4ea40_0;
    %pad/u 32;
    %cmpi/e 15, 0, 32;
    %jmp/0xz  T_2.15, 4;
    %pushi/vec4 0, 0, 4;
    %assign/vec4 v000001587cb4ea40_0, 0;
    %pushi/vec4 2, 0, 2;
    %assign/vec4 v000001587cb4f580_0, 0;
    %pushi/vec4 0, 0, 3;
    %assign/vec4 v000001587cb4ee00_0, 0;
    %jmp T_2.16;
T_2.15 ;
    %load/vec4 v000001587cb4ea40_0;
    %addi 1, 0, 4;
    %assign/vec4 v000001587cb4ea40_0, 0;
T_2.16 ;
T_2.12 ;
T_2.9 ;
    %jmp T_2.6;
T_2.4 ;
    %load/vec4 v000001587cb4e860_0;
    %flag_set/vec4 8;
    %jmp/0xz  T_2.17, 8;
    %load/vec4 v000001587cb4ea40_0;
    %pad/u 32;
    %cmpi/e 8, 0, 32;
    %jmp/0xz  T_2.19, 4;
    %load/vec4 v000001587cb4e360_0;
    %load/vec4 v000001587cb4e680_0;
    %parti/s 7, 1, 2;
    %concat/vec4; draw_concat_vec4
    %assign/vec4 v000001587cb4e680_0, 0;
    %load/vec4 v000001587cb4ea40_0;
    %addi 1, 0, 4;
    %assign/vec4 v000001587cb4ea40_0, 0;
    %jmp T_2.20;
T_2.19 ;
    %load/vec4 v000001587cb4ea40_0;
    %pad/u 32;
    %cmpi/e 15, 0, 32;
    %jmp/0xz  T_2.21, 4;
    %pushi/vec4 0, 0, 4;
    %assign/vec4 v000001587cb4ea40_0, 0;
    %load/vec4 v000001587cb4ee00_0;
    %pad/u 32;
    %cmpi/e 7, 0, 32;
    %jmp/0xz  T_2.23, 4;
    %pushi/vec4 3, 0, 2;
    %assign/vec4 v000001587cb4f580_0, 0;
    %pushi/vec4 0, 0, 3;
    %assign/vec4 v000001587cb4ee00_0, 0;
    %jmp T_2.24;
T_2.23 ;
    %load/vec4 v000001587cb4ee00_0;
    %addi 1, 0, 3;
    %assign/vec4 v000001587cb4ee00_0, 0;
T_2.24 ;
    %jmp T_2.22;
T_2.21 ;
    %load/vec4 v000001587cb4ea40_0;
    %addi 1, 0, 4;
    %assign/vec4 v000001587cb4ea40_0, 0;
T_2.22 ;
T_2.20 ;
T_2.17 ;
    %jmp T_2.6;
T_2.5 ;
    %load/vec4 v000001587cb4e860_0;
    %flag_set/vec4 8;
    %jmp/0xz  T_2.25, 8;
    %load/vec4 v000001587cb4ea40_0;
    %pad/u 32;
    %cmpi/e 8, 0, 32;
    %jmp/0xz  T_2.27, 4;
    %load/vec4 v000001587cb4e360_0;
    %cmpi/e 1, 0, 1;
    %jmp/0xz  T_2.29, 4;
    %load/vec4 v000001587cb4ea40_0;
    %addi 1, 0, 4;
    %assign/vec4 v000001587cb4ea40_0, 0;
    %jmp T_2.30;
T_2.29 ;
    %pushi/vec4 1, 0, 1;
    %assign/vec4 v000001587cb4ec20_0, 0;
    %load/vec4 v000001587cb4ea40_0;
    %addi 1, 0, 4;
    %assign/vec4 v000001587cb4ea40_0, 0;
T_2.30 ;
    %jmp T_2.28;
T_2.27 ;
    %load/vec4 v000001587cb4ea40_0;
    %pad/u 32;
    %cmpi/e 15, 0, 32;
    %jmp/0xz  T_2.31, 4;
    %pushi/vec4 0, 0, 4;
    %assign/vec4 v000001587cb4ea40_0, 0;
    %load/vec4 v000001587cb4ee00_0;
    %pad/u 32;
    %cmpi/e 0, 0, 32;
    %jmp/0xz  T_2.33, 4;
    %load/vec4 v000001587cb4e680_0;
    %assign/vec4 v000001587cb4eea0_0, 0;
    %pushi/vec4 1, 0, 1;
    %assign/vec4 v000001587cb4ef40_0, 0;
    %pushi/vec4 0, 0, 2;
    %assign/vec4 v000001587cb4f580_0, 0;
    %pushi/vec4 0, 0, 3;
    %assign/vec4 v000001587cb4ee00_0, 0;
    %jmp T_2.34;
T_2.33 ;
    %load/vec4 v000001587cb4ee00_0;
    %addi 1, 0, 3;
    %assign/vec4 v000001587cb4ee00_0, 0;
T_2.34 ;
    %jmp T_2.32;
T_2.31 ;
    %load/vec4 v000001587cb4ea40_0;
    %addi 1, 0, 4;
    %assign/vec4 v000001587cb4ea40_0, 0;
T_2.32 ;
T_2.28 ;
T_2.25 ;
    %jmp T_2.6;
T_2.6 ;
    %pop/vec4 1;
T_2.1 ;
    %jmp T_2;
    .thread T_2;
    .scope S_000001587cad4680;
T_3 ;
    %wait E_000001587cacfb90;
    %load/vec4 v000001587cb4e720_0;
    %nor/r;
    %flag_set/vec4 8;
    %jmp/0xz  T_3.0, 8;
    %pushi/vec4 0, 0, 5;
    %assign/vec4 v000001587cb4f620_0, 0;
    %pushi/vec4 0, 0, 5;
    %assign/vec4 v000001587cb4df00_0, 0;
    %jmp T_3.1;
T_3.0 ;
    %load/vec4 v000001587cb4e4a0_0;
    %flag_set/vec4 9;
    %flag_get/vec4 9;
    %jmp/0 T_3.4, 9;
    %load/vec4 v000001587cad2590_0;
    %nor/r;
    %and;
T_3.4;
    %flag_set/vec4 8;
    %jmp/0xz  T_3.2, 8;
    %load/vec4 v000001587cad3030_0;
    %load/vec4 v000001587cb4f620_0;
    %parti/s 4, 0, 2;
    %pad/u 6;
    %ix/vec4 3;
    %ix/load 4, 0, 0; Constant delay
    %assign/vec4/a/d v000001587cb4eae0, 0, 4;
    %load/vec4 v000001587cb4f620_0;
    %addi 1, 0, 5;
    %assign/vec4 v000001587cb4f620_0, 0;
T_3.2 ;
    %load/vec4 v000001587cb4e2c0_0;
    %flag_set/vec4 9;
    %flag_get/vec4 9;
    %jmp/0 T_3.7, 9;
    %load/vec4 v000001587cad3490_0;
    %nor/r;
    %and;
T_3.7;
    %flag_set/vec4 8;
    %jmp/0xz  T_3.5, 8;
    %load/vec4 v000001587cb4df00_0;
    %parti/s 4, 0, 2;
    %pad/u 6;
    %ix/vec4 4;
    %load/vec4a v000001587cb4eae0, 4;
    %assign/vec4 v000001587cad33f0_0, 0;
    %load/vec4 v000001587cb4df00_0;
    %addi 1, 0, 5;
    %assign/vec4 v000001587cb4df00_0, 0;
T_3.5 ;
T_3.1 ;
    %jmp T_3;
    .thread T_3;
# The file index is used to find the file name in the following table.
:file_names 6;
    "N/A";
    "<interactive>";
    "d:\CTWIntern\Training\UART_ME\RX\uart_rx.v";
    "./baud_gen.v";
    "./fifo.v";
    "./RXcore/rx_core.v";
